<?xml version="1.0" encoding="UTF-8"?>
<testng-results skipped="0" failed="0" ignored="0" total="2" passed="2">
  <reporter-output>
  </reporter-output>
  <suite name="Default suite" duration-ms="20865" started-at="2017-08-03T11:33:29Z" finished-at="2017-08-03T11:33:50Z">
    <groups>
    </groups>
    <test name="Default test" duration-ms="20865" started-at="2017-08-03T11:33:29Z" finished-at="2017-08-03T11:33:50Z">
      <class name="assignmnet6.Test.TestExel">
        <test-method status="PASS" signature="VerifyInvalidLogin(java.lang.String, java.lang.String, java.lang.String, java.lang.String, java.lang.String)[pri:0, instance:assignmnet6.Test.TestExel@548a9f61]" name="VerifyInvalidLogin" duration-ms="20729" started-at="2017-08-03T17:03:29Z" data-provider="empLogin" finished-at="2017-08-03T17:03:50Z">
          <params>
            <param index="0">
              <value>
                <![CDATA[sumit.mishra018]]>
              </value>
            </param>
            <param index="1">
              <value>
                <![CDATA[9920870091]]>
              </value>
            </param>
            <param index="2">
              <value>
                <![CDATA[krhoney7@gmail.com]]>
              </value>
            </param>
            <param index="3">
              <value>
                <![CDATA[TestNG msg]]>
              </value>
            </param>
            <param index="4">
              <value>
                <![CDATA[hello    thanks ]]>
              </value>
            </param>
          </params>
          <reporter-output>
          </reporter-output>
        </test-method> <!-- VerifyInvalidLogin -->
        <test-method status="PASS" signature="VerifyInvalidLogin(java.lang.String, java.lang.String, java.lang.String, java.lang.String, java.lang.String)[pri:0, instance:assignmnet6.Test.TestExel@548a9f61]" name="VerifyInvalidLogin" duration-ms="20135" started-at="2017-08-03T17:03:29Z" data-provider="empLogin" finished-at="2017-08-03T17:03:50Z">
          <params>
            <param index="0">
              <value>
                <![CDATA[krhoney7@gmail.com]]>
              </value>
            </param>
            <param index="1">
              <value>
                <![CDATA[9920870091]]>
              </value>
            </param>
            <param index="2">
              <value>
                <![CDATA[sumit.mishra018@gmail.com]]>
              </value>
            </param>
            <param index="3">
              <value>
                <![CDATA[TestNG msg1]]>
              </value>
            </param>
            <param index="4">
              <value>
                <![CDATA[hello    thanks1 ]]>
              </value>
            </param>
          </params>
          <reporter-output>
          </reporter-output>
        </test-method> <!-- VerifyInvalidLogin -->
      </class> <!-- assignmnet6.Test.TestExel -->
    </test> <!-- Default test -->
  </suite> <!-- Default suite -->
</testng-results>
